30/12/2025 09:29:47 | INFO  | Main_GestionSOLPED | Inicio ejecución Main GestionSolped. | WPRUFABRICC1 | CGRPA042
30/12/2025 09:29:47 | INFO  | Main_GestionSOLPED | Inicia HU00_DespliegueAmbiente. | WPRUFABRICC1 | CGRPA042
30/12/2025 09:29:47 | INFO  | Main_GestionSOLPED | Obteniendo sesión SAP... | WPRUFABRICC1 | CGRPA042
30/12/2025 09:30:02 | INFO  | Main_GestionSOLPED | Sesión SAP obtenida correctamente. | WPRUFABRICC1 | CGRPA042
30/12/2025 09:30:02 | INFO  | Main_GestionSOLPED | Inicia HU02 - Descarga ME5A. | WPRUFABRICC1 | CGRPA042
30/12/2025 09:30:02 | INFO  | Main_GestionSOLPED | HU02 finalizada correctamente. | WPRUFABRICC1 | CGRPA042
30/12/2025 09:30:02 | INFO  | Main_GestionSOLPED | Inicia HU03 - Validación ME53N para archivo expSolped05.txt. | WPRUFABRICC1 | CGRPA042
30/12/2025 09:30:02 | INFO  | Main_GestionSOLPED | HU03 finalizada correctamente para archivo expSolped05.txt. | WPRUFABRICC1 | CGRPA042
30/12/2025 09:30:02 | INFO  | Main_GestionSOLPED | Inicia HU04 - Creacion de OC desde ME21N. | WPRUFABRICC1 | CGRPA042
30/12/2025 09:30:02 | INFO  | HU4_GeneracionOC | HU04 Inicia para el archivo expSolped05test.txt | WPRUFABRICC1 | CGRPA042
30/12/2025 09:30:02 | INFO  | procesarTablaME5A | Procesar archivo nombre expSolped05test.txt | WPRUFABRICC1 | CGRPA042
30/12/2025 09:30:02 | INFO  | HU4_GeneracionOC | listado de Solped cargadas : ['Sol.pedido' '1300139397' '1300139274' '1300139173' '1300139103'
 '1300139104' '1300139099' '1300139102' '1300139090' '1300139093'
 '1300139089' '1300139086' '1300139073' '1300139074' '1300139076'
 '1300138923'] | WPRUFABRICC1 | CGRPA042
30/12/2025 09:30:02 | INFO  | HU4_GeneracionOC | Procesando Solped: 1300139397 de items: 6 . | WPRUFABRICC1 | CGRPA042
30/12/2025 09:30:02 | INFO  | AbrirTransaccion | Abrir Transaccion ME21N | WPRUFABRICC1 | CGRPA042
30/12/2025 09:30:04 | INFO  | AbrirTransaccion | Transaccion ME21N abierta | WPRUFABRICC1 | CGRPA042
30/12/2025 09:31:18 | INFO  | HU4_GeneracionOC |  para la solped : 1300139397 Se generó la Orden de Compra: None | WPRUFABRICC1 | CGRPA042
30/12/2025 09:31:18 | INFO  | HU4_GeneracionOC | Procesando Solped: 1300139274 de items: 16 . | WPRUFABRICC1 | CGRPA042
30/12/2025 09:31:18 | INFO  | AbrirTransaccion | Abrir Transaccion ME21N | WPRUFABRICC1 | CGRPA042
30/12/2025 09:31:20 | INFO  | AbrirTransaccion | Transaccion ME21N abierta | WPRUFABRICC1 | CGRPA042
30/12/2025 10:12:28 | INFO  | Main_GestionSOLPED | Inicio ejecución Main GestionSolped. | WPRUFABRICC1 | CGRPA042
30/12/2025 10:12:28 | INFO  | Main_GestionSOLPED | Inicia HU00_DespliegueAmbiente. | WPRUFABRICC1 | CGRPA042
30/12/2025 10:12:28 | INFO  | Main_GestionSOLPED | Obteniendo sesión SAP... | WPRUFABRICC1 | CGRPA042
30/12/2025 10:12:32 | INFO  | Main_GestionSOLPED | Sesión SAP obtenida correctamente. | WPRUFABRICC1 | CGRPA042
30/12/2025 10:12:32 | INFO  | Main_GestionSOLPED | Inicia HU02 - Descarga ME5A. | WPRUFABRICC1 | CGRPA042
30/12/2025 10:12:32 | INFO  | Main_GestionSOLPED | HU02 finalizada correctamente. | WPRUFABRICC1 | CGRPA042
30/12/2025 10:12:32 | INFO  | Main_GestionSOLPED | Inicia HU03 - Validación ME53N para archivo expSolped05.txt. | WPRUFABRICC1 | CGRPA042
30/12/2025 10:12:32 | INFO  | Main_GestionSOLPED | HU03 finalizada correctamente para archivo expSolped05.txt. | WPRUFABRICC1 | CGRPA042
30/12/2025 10:12:32 | INFO  | Main_GestionSOLPED | Inicia HU04 - Creacion de OC desde ME21N. | WPRUFABRICC1 | CGRPA042
30/12/2025 10:12:32 | INFO  | HU4_GeneracionOC | HU04 Inicia para el archivo expSolped05test.txt | WPRUFABRICC1 | CGRPA042
30/12/2025 10:12:32 | INFO  | procesarTablaME5A | Procesar archivo nombre expSolped05test.txt | WPRUFABRICC1 | CGRPA042
30/12/2025 10:12:32 | INFO  | HU4_GeneracionOC | listado de Solped cargadas : ['Sol.pedido' '1300139397' '1300139274' '1300139173' '1300139103'
 '1300139104' '1300139099' '1300139102' '1300139090' '1300139093'
 '1300139089' '1300139086' '1300139073' '1300139074' '1300139076'
 '1300138923'] | WPRUFABRICC1 | CGRPA042
30/12/2025 10:12:32 | INFO  | HU4_GeneracionOC | Procesando Solped: 1300139397 de items: 6 . | WPRUFABRICC1 | CGRPA042
30/12/2025 10:12:32 | INFO  | AbrirTransaccion | Abrir Transaccion ME21N | WPRUFABRICC1 | CGRPA042
30/12/2025 10:12:32 | ERROR | AbrirTransaccion | Sesion SAP no disponible | WPRUFABRICC1 | CGRPA042
30/12/2025 10:12:53 | INFO  | Main_GestionSOLPED | Inicio ejecución Main GestionSolped. | WPRUFABRICC1 | CGRPA042
30/12/2025 10:12:53 | INFO  | Main_GestionSOLPED | Inicia HU00_DespliegueAmbiente. | WPRUFABRICC1 | CGRPA042
30/12/2025 10:12:53 | INFO  | Main_GestionSOLPED | Obteniendo sesión SAP... | WPRUFABRICC1 | CGRPA042
30/12/2025 10:13:01 | INFO  | Main_GestionSOLPED | Sesión SAP obtenida correctamente. | WPRUFABRICC1 | CGRPA042
30/12/2025 10:13:01 | INFO  | Main_GestionSOLPED | Inicia HU02 - Descarga ME5A. | WPRUFABRICC1 | CGRPA042
30/12/2025 10:13:01 | INFO  | Main_GestionSOLPED | HU02 finalizada correctamente. | WPRUFABRICC1 | CGRPA042
30/12/2025 10:13:01 | INFO  | Main_GestionSOLPED | Inicia HU03 - Validación ME53N para archivo expSolped05.txt. | WPRUFABRICC1 | CGRPA042
30/12/2025 10:13:01 | INFO  | Main_GestionSOLPED | HU03 finalizada correctamente para archivo expSolped05.txt. | WPRUFABRICC1 | CGRPA042
30/12/2025 10:13:01 | INFO  | Main_GestionSOLPED | Inicia HU04 - Creacion de OC desde ME21N. | WPRUFABRICC1 | CGRPA042
30/12/2025 10:13:01 | INFO  | HU4_GeneracionOC | HU04 Inicia para el archivo expSolped05test.txt | WPRUFABRICC1 | CGRPA042
30/12/2025 10:13:01 | INFO  | procesarTablaME5A | Procesar archivo nombre expSolped05test.txt | WPRUFABRICC1 | CGRPA042
30/12/2025 10:13:01 | INFO  | HU4_GeneracionOC | listado de Solped cargadas : ['Sol.pedido' '1300139397' '1300139274' '1300139173' '1300139103'
 '1300139104' '1300139099' '1300139102' '1300139090' '1300139093'
 '1300139089' '1300139086' '1300139073' '1300139074' '1300139076'
 '1300138923'] | WPRUFABRICC1 | CGRPA042
30/12/2025 10:13:01 | INFO  | HU4_GeneracionOC | Procesando Solped: 1300139397 de items: 6 . | WPRUFABRICC1 | CGRPA042
30/12/2025 10:13:01 | INFO  | AbrirTransaccion | Abrir Transaccion ME21N | WPRUFABRICC1 | CGRPA042
30/12/2025 10:13:03 | INFO  | AbrirTransaccion | Transaccion ME21N abierta | WPRUFABRICC1 | CGRPA042
30/12/2025 10:14:16 | INFO  | HU4_GeneracionOC |  para la solped : 1300139397 Se generó la Orden de Compra: None | WPRUFABRICC1 | CGRPA042
30/12/2025 10:14:16 | INFO  | HU4_GeneracionOC | Procesando Solped: 1300139274 de items: 16 . | WPRUFABRICC1 | CGRPA042
30/12/2025 10:14:16 | INFO  | AbrirTransaccion | Abrir Transaccion ME21N | WPRUFABRICC1 | CGRPA042
30/12/2025 10:14:18 | INFO  | AbrirTransaccion | Transaccion ME21N abierta | WPRUFABRICC1 | CGRPA042
30/12/2025 10:26:36 | INFO  | AbrirTransaccion | Abrir Transaccion ME21N | WPRUFABRICC1 | CGRPA042
30/12/2025 10:26:38 | INFO  | AbrirTransaccion | Transaccion ME21N abierta | WPRUFABRICC1 | CGRPA042
30/12/2025 10:26:39 | INFO  | HU4_GeneracionOC | Imagen encontrada y clickeada: .\img\vSeleccion.png | WPRUFABRICC1 | CGRPA042
30/12/2025 10:26:43 | INFO  | HU4_GeneracionOC | Imagen encontrada y clickeada: .\img\sol.pedido.png | WPRUFABRICC1 | CGRPA042
30/12/2025 10:26:46 | INFO  | HU4_GeneracionOC | Imagen encontrada y clickeada: .\img\tomar.png | WPRUFABRICC1 | CGRPA042
30/12/2025 10:42:51 | INFO  | AbrirTransaccion | Abrir Transaccion ME21N | WPRUFABRICC1 | CGRPA042
30/12/2025 10:42:51 | ERROR | AbrirTransaccion | Sesion SAP no disponible | WPRUFABRICC1 | CGRPA042
30/12/2025 10:43:20 | INFO  | AbrirTransaccion | Abrir Transaccion ME21N | WPRUFABRICC1 | CGRPA042
30/12/2025 10:43:22 | INFO  | AbrirTransaccion | Transaccion ME21N abierta | WPRUFABRICC1 | CGRPA042
30/12/2025 10:43:22 | INFO  | HU4_GeneracionOC | Imagen encontrada y clickeada: .\img\vSeleccion.png | WPRUFABRICC1 | CGRPA042
30/12/2025 10:43:27 | INFO  | HU4_GeneracionOC | Imagen encontrada y clickeada: .\img\sol.pedido.png | WPRUFABRICC1 | CGRPA042
30/12/2025 10:43:29 | INFO  | HU4_GeneracionOC | Imagen encontrada y clickeada: .\img\tomar.png | WPRUFABRICC1 | CGRPA042
30/12/2025 11:16:51 | INFO  | Main_GestionSOLPED | Inicio ejecución Main GestionSolped. | WPRUFABRICC1 | CGRPA042
30/12/2025 11:16:51 | INFO  | Main_GestionSOLPED | Inicia HU00_DespliegueAmbiente. | WPRUFABRICC1 | CGRPA042
30/12/2025 11:16:51 | INFO  | Main_GestionSOLPED | Obteniendo sesión SAP... | WPRUFABRICC1 | CGRPA042
30/12/2025 11:16:58 | INFO  | Main_GestionSOLPED | Sesión SAP obtenida correctamente. | WPRUFABRICC1 | CGRPA042
30/12/2025 11:16:58 | INFO  | Main_GestionSOLPED | Inicia HU02 - Descarga ME5A. | WPRUFABRICC1 | CGRPA042
30/12/2025 11:16:58 | INFO  | Main_GestionSOLPED | HU02 finalizada correctamente. | WPRUFABRICC1 | CGRPA042
30/12/2025 11:16:58 | INFO  | Main_GestionSOLPED | Inicia HU03 - Validación ME53N para archivo expSolped05.txt. | WPRUFABRICC1 | CGRPA042
30/12/2025 11:16:58 | INFO  | Main_GestionSOLPED | HU03 finalizada correctamente para archivo expSolped05.txt. | WPRUFABRICC1 | CGRPA042
30/12/2025 11:16:58 | INFO  | Main_GestionSOLPED | Inicia HU04 - Creacion de OC desde ME21N. | WPRUFABRICC1 | CGRPA042
30/12/2025 11:16:58 | INFO  | HU4_GeneracionOC | HU04 Inicia para el archivo expSolped05test.txt | WPRUFABRICC1 | CGRPA042
30/12/2025 11:16:58 | INFO  | procesarTablaME5A | Procesar archivo nombre expSolped05test.txt | WPRUFABRICC1 | CGRPA042
30/12/2025 11:16:58 | INFO  | HU4_GeneracionOC | listado de Solped cargadas : ['Sol.pedido' '1300139397' '1300139274' '1300139173' '1300139103'
 '1300139104' '1300139099' '1300139102' '1300139090' '1300139093'
 '1300139089' '1300139086' '1300139073' '1300139074' '1300139076'
 '1300138923'] | WPRUFABRICC1 | CGRPA042
30/12/2025 11:16:58 | INFO  | HU4_GeneracionOC | Procesando Solped: 1300139397 de items: 6 . | WPRUFABRICC1 | CGRPA042
30/12/2025 11:16:58 | INFO  | AbrirTransaccion | Abrir Transaccion ME21N | WPRUFABRICC1 | CGRPA042
30/12/2025 11:17:00 | INFO  | AbrirTransaccion | Transaccion ME21N abierta | WPRUFABRICC1 | CGRPA042
30/12/2025 11:17:01 | INFO  | HU4_GeneracionOC | Imagen encontrada y clickeada: .\img\vSeleccion.png | WPRUFABRICC1 | CGRPA042
30/12/2025 11:17:05 | INFO  | HU4_GeneracionOC | Imagen encontrada y clickeada: .\img\sol.pedido.png | WPRUFABRICC1 | CGRPA042
30/12/2025 11:17:08 | INFO  | HU4_GeneracionOC | Imagen encontrada y clickeada: .\img\tomar.png | WPRUFABRICC1 | CGRPA042
30/12/2025 11:18:12 | INFO  | HU4_GeneracionOC |  para la solped : 1300139397 Se generó la Orden de Compra: None | WPRUFABRICC1 | CGRPA042
30/12/2025 11:18:12 | INFO  | HU4_GeneracionOC | Procesando Solped: 1300139274 de items: 16 . | WPRUFABRICC1 | CGRPA042
30/12/2025 11:18:12 | INFO  | AbrirTransaccion | Abrir Transaccion ME21N | WPRUFABRICC1 | CGRPA042
30/12/2025 11:18:14 | INFO  | AbrirTransaccion | Transaccion ME21N abierta | WPRUFABRICC1 | CGRPA042
30/12/2025 11:18:14 | INFO  | HU4_GeneracionOC | Imagen encontrada y clickeada: .\img\vSeleccion.png | WPRUFABRICC1 | CGRPA042
30/12/2025 11:18:18 | INFO  | HU4_GeneracionOC | Imagen encontrada y clickeada: .\img\sol.pedido.png | WPRUFABRICC1 | CGRPA042
30/12/2025 11:18:21 | INFO  | HU4_GeneracionOC | Imagen encontrada y clickeada: .\img\tomar.png | WPRUFABRICC1 | CGRPA042
30/12/2025 12:38:36 | INFO  | Main_GestionSOLPED | Inicio ejecución Main GestionSolped. | WPRUFABRICC1 | CGRPA042
30/12/2025 12:38:36 | INFO  | Main_GestionSOLPED | Inicia HU00_DespliegueAmbiente. | WPRUFABRICC1 | CGRPA042
30/12/2025 12:38:36 | INFO  | Main_GestionSOLPED | Obteniendo sesión SAP... | WPRUFABRICC1 | CGRPA042
30/12/2025 12:38:44 | INFO  | Main_GestionSOLPED | Sesión SAP obtenida correctamente. | WPRUFABRICC1 | CGRPA042
30/12/2025 12:38:44 | INFO  | Main_GestionSOLPED | Inicia HU02 - Descarga ME5A. | WPRUFABRICC1 | CGRPA042
30/12/2025 12:38:44 | INFO  | Main_GestionSOLPED | HU02 finalizada correctamente. | WPRUFABRICC1 | CGRPA042
30/12/2025 12:38:44 | INFO  | Main_GestionSOLPED | Inicia HU03 - Validación ME53N para archivo expSolped05.txt. | WPRUFABRICC1 | CGRPA042
30/12/2025 12:38:44 | INFO  | Main_GestionSOLPED | HU03 finalizada correctamente para archivo expSolped05.txt. | WPRUFABRICC1 | CGRPA042
30/12/2025 12:38:44 | INFO  | Main_GestionSOLPED | Inicia HU04 - Creacion de OC desde ME21N. | WPRUFABRICC1 | CGRPA042
30/12/2025 12:38:44 | INFO  | HU4_GeneracionOC | HU04 Inicia para el archivo expSolped05test.txt | WPRUFABRICC1 | CGRPA042
30/12/2025 12:38:44 | INFO  | procesarTablaME5A | Procesar archivo nombre expSolped05test.txt | WPRUFABRICC1 | CGRPA042
30/12/2025 12:38:44 | INFO  | HU4_GeneracionOC | listado de Solped cargadas : ['Sol.pedido' '1300139397' '1300139274' '1300139173' '1300139103'
 '1300139104' '1300139099' '1300139102' '1300139090' '1300139093'
 '1300139089' '1300139086' '1300139073' '1300139074' '1300139076'
 '1300138923'] | WPRUFABRICC1 | CGRPA042
30/12/2025 12:38:44 | INFO  | HU4_GeneracionOC | Procesando Solped: 1300139397 de items: 6 . | WPRUFABRICC1 | CGRPA042
30/12/2025 12:38:44 | INFO  | AbrirTransaccion | Abrir Transaccion ME21N | WPRUFABRICC1 | CGRPA042
30/12/2025 12:38:46 | INFO  | AbrirTransaccion | Transaccion ME21N abierta | WPRUFABRICC1 | CGRPA042
30/12/2025 12:38:46 | INFO  | HU4_GeneracionOC | Imagen encontrada y clickeada: .\img\vSeleccion.png | WPRUFABRICC1 | CGRPA042
30/12/2025 12:38:50 | INFO  | HU4_GeneracionOC | Imagen encontrada y clickeada: .\img\sol.pedido.png | WPRUFABRICC1 | CGRPA042
30/12/2025 12:38:53 | INFO  | HU4_GeneracionOC | Imagen encontrada y clickeada: .\img\tomar.png | WPRUFABRICC1 | CGRPA042
30/12/2025 12:42:24 | INFO  | Main_GestionSOLPED | Inicio ejecución Main GestionSolped. | WPRUFABRICC1 | CGRPA042
30/12/2025 12:42:24 | INFO  | Main_GestionSOLPED | Inicia HU00_DespliegueAmbiente. | WPRUFABRICC1 | CGRPA042
30/12/2025 12:42:24 | INFO  | Main_GestionSOLPED | Obteniendo sesión SAP... | WPRUFABRICC1 | CGRPA042
30/12/2025 12:42:31 | INFO  | Main_GestionSOLPED | Sesión SAP obtenida correctamente. | WPRUFABRICC1 | CGRPA042
30/12/2025 12:42:31 | INFO  | Main_GestionSOLPED | Inicia HU02 - Descarga ME5A. | WPRUFABRICC1 | CGRPA042
30/12/2025 12:42:31 | INFO  | Main_GestionSOLPED | HU02 finalizada correctamente. | WPRUFABRICC1 | CGRPA042
30/12/2025 12:42:31 | INFO  | Main_GestionSOLPED | Inicia HU03 - Validación ME53N para archivo expSolped05.txt. | WPRUFABRICC1 | CGRPA042
30/12/2025 12:42:31 | INFO  | Main_GestionSOLPED | HU03 finalizada correctamente para archivo expSolped05.txt. | WPRUFABRICC1 | CGRPA042
30/12/2025 12:42:31 | INFO  | Main_GestionSOLPED | Inicia HU04 - Creacion de OC desde ME21N. | WPRUFABRICC1 | CGRPA042
30/12/2025 12:42:31 | INFO  | HU4_GeneracionOC | HU04 Inicia para el archivo expSolped05test.txt | WPRUFABRICC1 | CGRPA042
30/12/2025 12:42:31 | INFO  | procesarTablaME5A | Procesar archivo nombre expSolped05test.txt | WPRUFABRICC1 | CGRPA042
30/12/2025 12:42:31 | INFO  | HU4_GeneracionOC | listado de Solped cargadas : ['Sol.pedido' '1300139397' '1300139274' '1300139173' '1300139103'
 '1300139104' '1300139099' '1300139102' '1300139090' '1300139093'
 '1300139089' '1300139086' '1300139073' '1300139074' '1300139076'
 '1300138923'] | WPRUFABRICC1 | CGRPA042
30/12/2025 12:42:31 | INFO  | HU4_GeneracionOC | Procesando Solped: 1300139397 de items: 6 . | WPRUFABRICC1 | CGRPA042
30/12/2025 12:42:31 | INFO  | AbrirTransaccion | Abrir Transaccion ME21N | WPRUFABRICC1 | CGRPA042
30/12/2025 12:42:33 | INFO  | AbrirTransaccion | Transaccion ME21N abierta | WPRUFABRICC1 | CGRPA042
30/12/2025 12:42:34 | INFO  | HU4_GeneracionOC | Imagen encontrada y clickeada: .\img\vSeleccion.png | WPRUFABRICC1 | CGRPA042
30/12/2025 12:42:38 | INFO  | HU4_GeneracionOC | Imagen encontrada y clickeada: .\img\sol.pedido.png | WPRUFABRICC1 | CGRPA042
30/12/2025 12:42:41 | INFO  | HU4_GeneracionOC | Imagen encontrada y clickeada: .\img\tomar.png | WPRUFABRICC1 | CGRPA042
30/12/2025 12:43:45 | INFO  | HU4_GeneracionOC |  para la solped : 1300139397 Se generó la Orden de Compra: None | WPRUFABRICC1 | CGRPA042
30/12/2025 12:43:45 | INFO  | HU4_GeneracionOC | Procesando Solped: 1300139274 de items: 16 . | WPRUFABRICC1 | CGRPA042
30/12/2025 12:43:45 | INFO  | AbrirTransaccion | Abrir Transaccion ME21N | WPRUFABRICC1 | CGRPA042
30/12/2025 12:43:48 | INFO  | AbrirTransaccion | Transaccion ME21N abierta | WPRUFABRICC1 | CGRPA042
30/12/2025 12:43:48 | INFO  | HU4_GeneracionOC | Imagen encontrada y clickeada: .\img\vSeleccion.png | WPRUFABRICC1 | CGRPA042
30/12/2025 12:43:52 | INFO  | HU4_GeneracionOC | Imagen encontrada y clickeada: .\img\sol.pedido.png | WPRUFABRICC1 | CGRPA042
30/12/2025 12:43:55 | INFO  | HU4_GeneracionOC | Imagen encontrada y clickeada: .\img\tomar.png | WPRUFABRICC1 | CGRPA042
30/12/2025 12:45:06 | INFO  | Main_GestionSOLPED | Inicio ejecución Main GestionSolped. | WPRUFABRICC1 | CGRPA042
30/12/2025 12:45:06 | INFO  | Main_GestionSOLPED | Inicia HU00_DespliegueAmbiente. | WPRUFABRICC1 | CGRPA042
30/12/2025 12:45:06 | INFO  | Main_GestionSOLPED | Obteniendo sesión SAP... | WPRUFABRICC1 | CGRPA042
30/12/2025 12:45:14 | INFO  | Main_GestionSOLPED | Sesión SAP obtenida correctamente. | WPRUFABRICC1 | CGRPA042
30/12/2025 12:45:14 | INFO  | Main_GestionSOLPED | Inicia HU02 - Descarga ME5A. | WPRUFABRICC1 | CGRPA042
30/12/2025 12:45:14 | INFO  | Main_GestionSOLPED | HU02 finalizada correctamente. | WPRUFABRICC1 | CGRPA042
30/12/2025 12:45:14 | INFO  | Main_GestionSOLPED | Inicia HU03 - Validación ME53N para archivo expSolped05.txt. | WPRUFABRICC1 | CGRPA042
30/12/2025 12:45:14 | INFO  | Main_GestionSOLPED | HU03 finalizada correctamente para archivo expSolped05.txt. | WPRUFABRICC1 | CGRPA042
30/12/2025 12:45:14 | INFO  | Main_GestionSOLPED | Inicia HU04 - Creacion de OC desde ME21N. | WPRUFABRICC1 | CGRPA042
30/12/2025 12:45:14 | INFO  | HU4_GeneracionOC | HU04 Inicia para el archivo expSolped05test.txt | WPRUFABRICC1 | CGRPA042
30/12/2025 12:45:14 | INFO  | procesarTablaME5A | Procesar archivo nombre expSolped05test.txt | WPRUFABRICC1 | CGRPA042
30/12/2025 12:45:14 | INFO  | HU4_GeneracionOC | listado de Solped cargadas : ['Sol.pedido' '1300139397' '1300139274' '1300139173' '1300139103'
 '1300139104' '1300139099' '1300139102' '1300139090' '1300139093'
 '1300139089' '1300139086' '1300139073' '1300139074' '1300139076'
 '1300138923'] | WPRUFABRICC1 | CGRPA042
30/12/2025 12:45:14 | INFO  | HU4_GeneracionOC | Procesando Solped: 1300139397 de items: 6 . | WPRUFABRICC1 | CGRPA042
30/12/2025 12:45:14 | INFO  | AbrirTransaccion | Abrir Transaccion ME21N | WPRUFABRICC1 | CGRPA042
30/12/2025 12:45:16 | INFO  | AbrirTransaccion | Transaccion ME21N abierta | WPRUFABRICC1 | CGRPA042
30/12/2025 12:45:16 | INFO  | HU4_GeneracionOC | Imagen encontrada y clickeada: .\img\vSeleccion.png | WPRUFABRICC1 | CGRPA042
30/12/2025 12:45:21 | INFO  | HU4_GeneracionOC | Imagen encontrada y clickeada: .\img\sol.pedido.png | WPRUFABRICC1 | CGRPA042
30/12/2025 12:45:24 | INFO  | HU4_GeneracionOC | Imagen encontrada y clickeada: .\img\tomar.png | WPRUFABRICC1 | CGRPA042
30/12/2025 12:46:33 | INFO  | HU4_GeneracionOC |  para la solped : 1300139397 Se generó la Orden de Compra: None | WPRUFABRICC1 | CGRPA042
30/12/2025 12:46:33 | INFO  | HU4_GeneracionOC | Procesando Solped: 1300139274 de items: 16 . | WPRUFABRICC1 | CGRPA042
30/12/2025 12:46:33 | INFO  | AbrirTransaccion | Abrir Transaccion ME21N | WPRUFABRICC1 | CGRPA042
30/12/2025 12:46:35 | INFO  | AbrirTransaccion | Transaccion ME21N abierta | WPRUFABRICC1 | CGRPA042
30/12/2025 12:46:35 | INFO  | HU4_GeneracionOC | Imagen encontrada y clickeada: .\img\vSeleccion.png | WPRUFABRICC1 | CGRPA042
30/12/2025 12:46:40 | INFO  | HU4_GeneracionOC | Imagen encontrada y clickeada: .\img\sol.pedido.png | WPRUFABRICC1 | CGRPA042
30/12/2025 12:46:43 | INFO  | HU4_GeneracionOC | Imagen encontrada y clickeada: .\img\tomar.png | WPRUFABRICC1 | CGRPA042
