29/12/2025 08:12:38 | ERROR | HU4_GeneracionOC | ERROR GLOBAL en HU04: [Errno 13] Permission denied: 'C:\\Users\\CGRPA042\\Documents\\Steven\\SOLPED\\logs\\\\StevInforme.log' | Traceback (most recent call last):
  File "C:\Users\CGRPA042\Documents\Steven\SOLPED\NetApplications\PY\AutomatizacionGestionSolped\HU\HU04_GeneracionOC.py", line 78, in EjecutarHU04
    WriteLog(
  File "C:\Users\CGRPA042\Documents\Steven\SOLPED\NetApplications\PY\AutomatizacionGestionSolped\Funciones\EscribirLog.py", line 65, in WriteLog
    with open(ruta_archivo, "a", encoding="utf-8") as f:
         ^^^^^^^^^^^^^^^^^^^^^^^^^^^^^^^^^^^^^^^^^
PermissionError: [Errno 13] Permission denied: 'C:\\Users\\CGRPA042\\Documents\\Steven\\SOLPED\\logs\\\\StevInforme.log'
 | WPRUFABRICC1 | CGRPA042
29/12/2025 08:12:38 | ERROR | Main_GestionSOLPED | Error Global en Main: [Errno 13] Permission denied: 'C:\\Users\\CGRPA042\\Documents\\Steven\\SOLPED\\logs\\\\StevInforme.log' | Traceback (most recent call last):
  File "C:\Users\CGRPA042\Documents\Steven\SOLPED\NetApplications\PY\AutomatizacionGestionSolped\Main_GestionSOLPED.py", line 137, in Main_GestionSolped
    EjecutarHU04(session, archivo)
  File "C:\Users\CGRPA042\Documents\Steven\SOLPED\NetApplications\PY\AutomatizacionGestionSolped\HU\HU04_GeneracionOC.py", line 78, in EjecutarHU04
    WriteLog(
  File "C:\Users\CGRPA042\Documents\Steven\SOLPED\NetApplications\PY\AutomatizacionGestionSolped\Funciones\EscribirLog.py", line 65, in WriteLog
    with open(ruta_archivo, "a", encoding="utf-8") as f:
         ^^^^^^^^^^^^^^^^^^^^^^^^^^^^^^^^^^^^^^^^^
PermissionError: [Errno 13] Permission denied: 'C:\\Users\\CGRPA042\\Documents\\Steven\\SOLPED\\logs\\\\StevInforme.log'
 | WPRUFABRICC1 | CGRPA042
29/12/2025 08:45:09 | ERROR | HU4_GeneracionOC | ERROR GLOBAL en HU04: [Errno 13] Permission denied: 'C:\\Users\\CGRPA042\\Documents\\Steven\\SOLPED\\logs\\StevInforme.log' | Traceback (most recent call last):
  File "C:\Users\CGRPA042\Documents\Steven\SOLPED\NetApplications\PY\AutomatizacionGestionSolped\HU\HU04_GeneracionOC.py", line 78, in EjecutarHU04
    WriteLog(
  File "C:\Users\CGRPA042\Documents\Steven\SOLPED\NetApplications\PY\AutomatizacionGestionSolped\Funciones\EscribirLog.py", line 65, in WriteLog
    with open(ruta_archivo, "a", encoding="utf-8") as f:
         ^^^^^^^^^^^^^^^^^^^^^^^^^^^^^^^^^^^^^^^^^
PermissionError: [Errno 13] Permission denied: 'C:\\Users\\CGRPA042\\Documents\\Steven\\SOLPED\\logs\\StevInforme.log'
 | WPRUFABRICC1 | CGRPA042
29/12/2025 08:45:09 | ERROR | Main_GestionSOLPED | Error Global en Main: [Errno 13] Permission denied: 'C:\\Users\\CGRPA042\\Documents\\Steven\\SOLPED\\logs\\StevInforme.log' | Traceback (most recent call last):
  File "C:\Users\CGRPA042\Documents\Steven\SOLPED\NetApplications\PY\AutomatizacionGestionSolped\Main_GestionSOLPED.py", line 137, in Main_GestionSolped
    EjecutarHU04(session, archivo)
  File "C:\Users\CGRPA042\Documents\Steven\SOLPED\NetApplications\PY\AutomatizacionGestionSolped\HU\HU04_GeneracionOC.py", line 78, in EjecutarHU04
    WriteLog(
  File "C:\Users\CGRPA042\Documents\Steven\SOLPED\NetApplications\PY\AutomatizacionGestionSolped\Funciones\EscribirLog.py", line 65, in WriteLog
    with open(ruta_archivo, "a", encoding="utf-8") as f:
         ^^^^^^^^^^^^^^^^^^^^^^^^^^^^^^^^^^^^^^^^^
PermissionError: [Errno 13] Permission denied: 'C:\\Users\\CGRPA042\\Documents\\Steven\\SOLPED\\logs\\StevInforme.log'
 | WPRUFABRICC1 | CGRPA042
29/12/2025 08:47:13 | ERROR | HU4_GeneracionOC | ERROR GLOBAL en HU04: [Errno 13] Permission denied: 'C:\\Users\\CGRPA042\\Documents\\Steven\\SOLPED\\logs\\StevInforme.txt' | Traceback (most recent call last):
  File "C:\Users\CGRPA042\Documents\Steven\SOLPED\NetApplications\PY\AutomatizacionGestionSolped\HU\HU04_GeneracionOC.py", line 78, in EjecutarHU04
    WriteLog(
  File "C:\Users\CGRPA042\Documents\Steven\SOLPED\NetApplications\PY\AutomatizacionGestionSolped\Funciones\EscribirLog.py", line 65, in WriteLog
    with open(ruta_archivo, "a", encoding="utf-8") as f:
         ^^^^^^^^^^^^^^^^^^^^^^^^^^^^^^^^^^^^^^^^^
PermissionError: [Errno 13] Permission denied: 'C:\\Users\\CGRPA042\\Documents\\Steven\\SOLPED\\logs\\StevInforme.txt'
 | WPRUFABRICC1 | CGRPA042
29/12/2025 08:47:13 | ERROR | Main_GestionSOLPED | Error Global en Main: [Errno 13] Permission denied: 'C:\\Users\\CGRPA042\\Documents\\Steven\\SOLPED\\logs\\StevInforme.txt' | Traceback (most recent call last):
  File "C:\Users\CGRPA042\Documents\Steven\SOLPED\NetApplications\PY\AutomatizacionGestionSolped\Main_GestionSOLPED.py", line 137, in Main_GestionSolped
    EjecutarHU04(session, archivo)
  File "C:\Users\CGRPA042\Documents\Steven\SOLPED\NetApplications\PY\AutomatizacionGestionSolped\HU\HU04_GeneracionOC.py", line 78, in EjecutarHU04
    WriteLog(
  File "C:\Users\CGRPA042\Documents\Steven\SOLPED\NetApplications\PY\AutomatizacionGestionSolped\Funciones\EscribirLog.py", line 65, in WriteLog
    with open(ruta_archivo, "a", encoding="utf-8") as f:
         ^^^^^^^^^^^^^^^^^^^^^^^^^^^^^^^^^^^^^^^^^
PermissionError: [Errno 13] Permission denied: 'C:\\Users\\CGRPA042\\Documents\\Steven\\SOLPED\\logs\\StevInforme.txt'
 | WPRUFABRICC1 | CGRPA042
29/12/2025 08:52:13 | ERROR | HU4_GeneracionOC | ERROR GLOBAL en HU04: No se encontró GuiTextField: NETPR[10,15] | Traceback (most recent call last):
  File "C:\Users\CGRPA042\Documents\Steven\SOLPED\NetApplications\PY\AutomatizacionGestionSolped\HU\HU04_GeneracionOC.py", line 98, in EjecutarHU04
    validar_y_ajustar_solped(session, item_count)
  File "C:\Users\CGRPA042\Documents\Steven\SOLPED\NetApplications\PY\AutomatizacionGestionSolped\Funciones\ValidacionM21N.py", line 1009, in validar_y_ajustar_solped
    precio = get_GuiTextField_text(session, f"NETPR[10,{fila}]")
             ^^^^^^^^^^^^^^^^^^^^^^^^^^^^^^^^^^^^^^^^^^^^^^^^^^^
  File "C:\Users\CGRPA042\Documents\Steven\SOLPED\NetApplications\PY\AutomatizacionGestionSolped\Funciones\ValidacionM21N.py", line 582, in get_GuiTextField_text
    raise Exception(f"No se encontró GuiTextField: {campo_posicion}")
Exception: No se encontró GuiTextField: NETPR[10,15]
 | WPRUFABRICC1 | CGRPA042
29/12/2025 08:52:13 | ERROR | Main_GestionSOLPED | Error Global en Main: No se encontró GuiTextField: NETPR[10,15] | Traceback (most recent call last):
  File "C:\Users\CGRPA042\Documents\Steven\SOLPED\NetApplications\PY\AutomatizacionGestionSolped\Main_GestionSOLPED.py", line 137, in Main_GestionSolped
    EjecutarHU04(session, archivo)
  File "C:\Users\CGRPA042\Documents\Steven\SOLPED\NetApplications\PY\AutomatizacionGestionSolped\HU\HU04_GeneracionOC.py", line 98, in EjecutarHU04
    validar_y_ajustar_solped(session, item_count)
  File "C:\Users\CGRPA042\Documents\Steven\SOLPED\NetApplications\PY\AutomatizacionGestionSolped\Funciones\ValidacionM21N.py", line 1009, in validar_y_ajustar_solped
    precio = get_GuiTextField_text(session, f"NETPR[10,{fila}]")
             ^^^^^^^^^^^^^^^^^^^^^^^^^^^^^^^^^^^^^^^^^^^^^^^^^^^
  File "C:\Users\CGRPA042\Documents\Steven\SOLPED\NetApplications\PY\AutomatizacionGestionSolped\Funciones\ValidacionM21N.py", line 582, in get_GuiTextField_text
    raise Exception(f"No se encontró GuiTextField: {campo_posicion}")
Exception: No se encontró GuiTextField: NETPR[10,15]
 | WPRUFABRICC1 | CGRPA042
29/12/2025 09:23:57 | ERROR | AbrirTransaccion | Error en AbrirTransaccion: Sesion SAP no disponible | WPRUFABRICC1 | CGRPA042
29/12/2025 09:30:41 | ERROR | AbrirTransaccion | Error en AbrirTransaccion: Sesion SAP no disponible | WPRUFABRICC1 | CGRPA042
29/12/2025 11:37:21 | ERROR | HU4_GeneracionOC | ERROR GLOBAL en HU04: 'str' object is not callable | Traceback (most recent call last):
  File "C:\Users\CGRPA042\Documents\Steven\SOLPED\NetApplications\PY\AutomatizacionGestionSolped\HU\HU04_GeneracionOC.py", line 98, in EjecutarHU04
    validar_y_ajustar_solped(session, item_count)
  File "C:\Users\CGRPA042\Documents\Steven\SOLPED\NetApplications\PY\AutomatizacionGestionSolped\Funciones\ValidacionM21N.py", line 1052, in validar_y_ajustar_solped
    textPF.selectedNode("F01")
TypeError: 'str' object is not callable
 | WPRUFABRICC1 | CGRPA042
29/12/2025 11:37:21 | ERROR | Main_GestionSOLPED | Error Global en Main: 'str' object is not callable | Traceback (most recent call last):
  File "C:\Users\CGRPA042\Documents\Steven\SOLPED\NetApplications\PY\AutomatizacionGestionSolped\Main_GestionSOLPED.py", line 137, in Main_GestionSolped
    EjecutarHU04(session, archivo)
  File "C:\Users\CGRPA042\Documents\Steven\SOLPED\NetApplications\PY\AutomatizacionGestionSolped\HU\HU04_GeneracionOC.py", line 98, in EjecutarHU04
    validar_y_ajustar_solped(session, item_count)
  File "C:\Users\CGRPA042\Documents\Steven\SOLPED\NetApplications\PY\AutomatizacionGestionSolped\Funciones\ValidacionM21N.py", line 1052, in validar_y_ajustar_solped
    textPF.selectedNode("F01")
TypeError: 'str' object is not callable
 | WPRUFABRICC1 | CGRPA042
