30/12/2025 09:33:38 | ERROR | HU4_GeneracionOC | ERROR GLOBAL en HU04: No se encontró GuiTextField: NETPR[10,15] | Traceback (most recent call last):
  File "C:\Users\CGRPA042\Documents\Steven\SOLPED\NetApplications\PY\AutomatizacionGestionSolped\HU\HU04_GeneracionOC.py", line 99, in EjecutarHU04
    validar_y_ajustar_solped(session, item_count)
  File "C:\Users\CGRPA042\Documents\Steven\SOLPED\NetApplications\PY\AutomatizacionGestionSolped\Funciones\ValidacionM21N.py", line 1020, in validar_y_ajustar_solped
    precio = get_GuiTextField_text(session, f"NETPR[10,{fila}]")
             ^^^^^^^^^^^^^^^^^^^^^^^^^^^^^^^^^^^^^^^^^^^^^^^^^^^
  File "C:\Users\CGRPA042\Documents\Steven\SOLPED\NetApplications\PY\AutomatizacionGestionSolped\Funciones\ValidacionM21N.py", line 582, in get_GuiTextField_text
    raise Exception(f"No se encontró GuiTextField: {campo_posicion}")
Exception: No se encontró GuiTextField: NETPR[10,15]
 | WPRUFABRICC1 | CGRPA042
30/12/2025 09:33:38 | ERROR | Main_GestionSOLPED | Error Global en Main: No se encontró GuiTextField: NETPR[10,15] | Traceback (most recent call last):
  File "C:\Users\CGRPA042\Documents\Steven\SOLPED\NetApplications\PY\AutomatizacionGestionSolped\Main_GestionSOLPED.py", line 137, in Main_GestionSolped
    EjecutarHU04(session, archivo)
  File "C:\Users\CGRPA042\Documents\Steven\SOLPED\NetApplications\PY\AutomatizacionGestionSolped\HU\HU04_GeneracionOC.py", line 99, in EjecutarHU04
    validar_y_ajustar_solped(session, item_count)
  File "C:\Users\CGRPA042\Documents\Steven\SOLPED\NetApplications\PY\AutomatizacionGestionSolped\Funciones\ValidacionM21N.py", line 1020, in validar_y_ajustar_solped
    precio = get_GuiTextField_text(session, f"NETPR[10,{fila}]")
             ^^^^^^^^^^^^^^^^^^^^^^^^^^^^^^^^^^^^^^^^^^^^^^^^^^^
  File "C:\Users\CGRPA042\Documents\Steven\SOLPED\NetApplications\PY\AutomatizacionGestionSolped\Funciones\ValidacionM21N.py", line 582, in get_GuiTextField_text
    raise Exception(f"No se encontró GuiTextField: {campo_posicion}")
Exception: No se encontró GuiTextField: NETPR[10,15]
 | WPRUFABRICC1 | CGRPA042
30/12/2025 10:12:32 | ERROR | AbrirTransaccion | Error en AbrirTransaccion: Sesion SAP no disponible | WPRUFABRICC1 | CGRPA042
30/12/2025 10:12:42 | ERROR | HU4_GeneracionOC | ERROR GLOBAL en HU04: SAP GUI no terminó de cargar (session.Busy) | Traceback (most recent call last):
  File "C:\Users\CGRPA042\Documents\Steven\SOLPED\NetApplications\PY\AutomatizacionGestionSolped\HU\HU04_GeneracionOC.py", line 90, in EjecutarHU04
    abrirSolped(session, solped, item_count)
  File "C:\Users\CGRPA042\Documents\Steven\SOLPED\NetApplications\PY\AutomatizacionGestionSolped\Funciones\ValidacionM21N.py", line 1082, in abrirSolped
    esperar_sap_listo(session)
  File "C:\Users\CGRPA042\Documents\Steven\SOLPED\NetApplications\PY\AutomatizacionGestionSolped\Funciones\ValidacionM21N.py", line 1349, in esperar_sap_listo
    raise TimeoutError("SAP GUI no terminó de cargar (session.Busy)")
TimeoutError: SAP GUI no terminó de cargar (session.Busy)
 | WPRUFABRICC1 | CGRPA042
30/12/2025 10:12:42 | ERROR | Main_GestionSOLPED | Error Global en Main: SAP GUI no terminó de cargar (session.Busy) | Traceback (most recent call last):
  File "C:\Users\CGRPA042\Documents\Steven\SOLPED\NetApplications\PY\AutomatizacionGestionSolped\Main_GestionSOLPED.py", line 137, in Main_GestionSolped
    EjecutarHU04(session, archivo)
  File "C:\Users\CGRPA042\Documents\Steven\SOLPED\NetApplications\PY\AutomatizacionGestionSolped\HU\HU04_GeneracionOC.py", line 90, in EjecutarHU04
    abrirSolped(session, solped, item_count)
  File "C:\Users\CGRPA042\Documents\Steven\SOLPED\NetApplications\PY\AutomatizacionGestionSolped\Funciones\ValidacionM21N.py", line 1082, in abrirSolped
    esperar_sap_listo(session)
  File "C:\Users\CGRPA042\Documents\Steven\SOLPED\NetApplications\PY\AutomatizacionGestionSolped\Funciones\ValidacionM21N.py", line 1349, in esperar_sap_listo
    raise TimeoutError("SAP GUI no terminó de cargar (session.Busy)")
TimeoutError: SAP GUI no terminó de cargar (session.Busy)
 | WPRUFABRICC1 | CGRPA042
30/12/2025 10:42:51 | ERROR | AbrirTransaccion | Error en AbrirTransaccion: Sesion SAP no disponible | WPRUFABRICC1 | CGRPA042
30/12/2025 12:39:55 | ERROR | HU4_GeneracionOC | ERROR GLOBAL en HU04: 'NoneType' object is not iterable | Traceback (most recent call last):
  File "C:\Users\CGRPA042\Documents\Steven\SOLPED\NetApplications\PY\AutomatizacionGestionSolped\HU\HU04_GeneracionOC.py", line 101, in EjecutarHU04
    acciones.extend(ValidarAjustarSolped(session, item_count))
TypeError: 'NoneType' object is not iterable
 | WPRUFABRICC1 | CGRPA042
30/12/2025 12:39:55 | ERROR | Main_GestionSOLPED | Error Global en Main: 'NoneType' object is not iterable | Traceback (most recent call last):
  File "C:\Users\CGRPA042\Documents\Steven\SOLPED\NetApplications\PY\AutomatizacionGestionSolped\Main_GestionSOLPED.py", line 137, in Main_GestionSolped
    EjecutarHU04(session, archivo)
  File "C:\Users\CGRPA042\Documents\Steven\SOLPED\NetApplications\PY\AutomatizacionGestionSolped\HU\HU04_GeneracionOC.py", line 101, in EjecutarHU04
    acciones.extend(ValidarAjustarSolped(session, item_count))
TypeError: 'NoneType' object is not iterable
 | WPRUFABRICC1 | CGRPA042
